\BOOKMARK [1][-]{section.1}{Getting Started}{}% 1
\BOOKMARK [2][-]{subsection.1.1}{Acknowledgments}{section.1}% 2
\BOOKMARK [2][-]{subsection.1.2}{Dependencies}{section.1}% 3
\BOOKMARK [2][-]{subsection.1.3}{Building}{section.1}% 4
\BOOKMARK [2][-]{subsection.1.4}{Usage}{section.1}% 5
\BOOKMARK [2][-]{subsection.1.5}{Sample Grammars}{section.1}% 6
\BOOKMARK [1][-]{section.2}{The Metagrammar}{}% 7
\BOOKMARK [2][-]{subsection.2.1}{General}{section.2}% 8
\BOOKMARK [2][-]{subsection.2.2}{Forests}{section.2}% 9
\BOOKMARK [3][-]{subsubsection.2.2.1}{Trees}{subsection.2.2}% 10
\BOOKMARK [3][-]{subsubsection.2.2.2}{Words}{subsection.2.2}% 11
\BOOKMARK [3][-]{subsubsection.2.2.3}{Quantifiers and Variables}{subsection.2.2}% 12
\BOOKMARK [3][-]{subsubsection.2.2.4}{Substitution Nodes}{subsection.2.2}% 13
\BOOKMARK [3][-]{subsubsection.2.2.5}{Foot Nodes}{subsection.2.2}% 14
\BOOKMARK [3][-]{subsubsection.2.2.6}{Links}{subsection.2.2}% 15
\BOOKMARK [3][-]{subsubsection.2.2.7}{Features}{subsection.2.2}% 16
\BOOKMARK [3][-]{subsubsection.2.2.8}{Treesets}{subsection.2.2}% 17
\BOOKMARK [3][-]{subsubsection.2.2.9}{Forests}{subsection.2.2}% 18
\BOOKMARK [2][-]{subsection.2.3}{Derivations}{section.2}% 19
\BOOKMARK [3][-]{subsubsection.2.3.1}{Basic Derivation Trees}{subsection.2.3}% 20
\BOOKMARK [3][-]{subsubsection.2.3.2}{Multiple Sets per Link}{subsection.2.3}% 21
\BOOKMARK [3][-]{subsubsection.2.3.3}{Scope}{subsection.2.3}% 22
\BOOKMARK [3][-]{subsubsection.2.3.4}{Multiple Links per Set}{subsection.2.3}% 23
\BOOKMARK [3][-]{subsubsection.2.3.5}{Priority Orderings}{subsection.2.3}% 24
\BOOKMARK [1][-]{section.3}{Toy Grammar}{}% 25
\BOOKMARK [1][-]{section.4}{Code Structure}{}% 26
\BOOKMARK [2][-]{subsection.4.1}{Parsing \046 Lexing}{section.4}% 27
\BOOKMARK [2][-]{subsection.4.2}{STAG Operations}{section.4}% 28
\BOOKMARK [2][-]{subsection.4.3}{Miscellaneous}{section.4}% 29
\BOOKMARK [1][-]{section.5}{Known Issues}{}% 30
